<?xml version="1.0" encoding="UTF-8"?>
<!-- Generated by org.testng.reporters.JUnitXMLReporter -->
<testsuite ignored="0" hostname="JAYA" failures="1" tests="1" name="Online" time="0.004" errors="0" timestamp="2024-05-21T20:40:01 IST">
  <testcase classname="TestNg.Paremeterized" name="M" time="0.0">
    <failure type="java.lang.Error" message="Unresolved compilation problem: 
	name cannot be resolved to a variable
">
      <![CDATA[java.lang.Error: Unresolved compilation problem: 
name cannot be resolved to a variable

at TestNg.Paremeterized.M(Paremeterized.java:13)
at java.base/java.util.ArrayList.forEach(ArrayList.java:1511)
... Removed 27 stack frames]]>
    </failure>
  </testcase> <!-- M -->
</testsuite> <!-- Online -->
