<?xml version="1.0" encoding="UTF-8"?>
<!-- Generated by org.testng.reporters.JUnitXMLReporter -->
<testsuite ignored="0" hostname="JAYA" failures="0" tests="5" name="Para" time="0.05" errors="0" timestamp="2024-05-21T20:43:26 IST">
  <testcase classname="TestNg.DependsonMethods" name="B" time="0.007"/>
  <testcase classname="TestNg.DependsonMethods" name="C" time="0.002"/>
  <testcase classname="TestNg.DependsonMethods" name="Y" time="0.001"/>
  <testcase classname="TestNg.DependsonMethods" name="Z" time="0.001"/>
  <testcase classname="TestNg.DependsonMethods" name="A" time="0.001"/>
</testsuite> <!-- Para -->
