<?xml version="1.0" encoding="UTF-8"?>
<testng-results ignored="0" total="1" passed="1" failed="0" skipped="0">
  <reporter-output>
  </reporter-output>
  <suite started-at="2024-05-22T12:04:47 IST" name="Default suite" finished-at="2024-05-22T12:04:47 IST" duration-ms="56">
    <groups>
    </groups>
    <test started-at="2024-05-22T12:04:47 IST" name="Default test" finished-at="2024-05-22T12:04:47 IST" duration-ms="56">
      <class name="Superkeys.A">
        <test-method signature="execute()[pri:0, instance:Superkeys.A@67c33749]" started-at="2024-05-22T12:04:47 IST" name="execute" finished-at="2024-05-22T12:04:47 IST" duration-ms="11" status="PASS">
          <reporter-output>
          </reporter-output>
        </test-method> <!-- execute -->
      </class> <!-- Superkeys.A -->
    </test> <!-- Default test -->
  </suite> <!-- Default suite -->
</testng-results>
